[INFO] Scanning for projects...
[INFO]                                                                         
[INFO] ------------------------------------------------------------------------
[INFO] Building codeRacing 0.0.2
[INFO] ------------------------------------------------------------------------
[INFO] 
[INFO] --- maven-resources-plugin:2.6:resources (default-resources) @ codeRacing ---
[INFO] Using 'UTF-8' encoding to copy filtered resources.
[INFO] Copying 0 resource
[INFO] 
[INFO] --- maven-compiler-plugin:2.5.1:compile (default-compile) @ codeRacing ---
[INFO] Nothing to compile - all classes are up to date
[INFO] 
[INFO] --- maven-resources-plugin:2.6:testResources (default-testResources) @ codeRacing ---
[INFO] Using 'UTF-8' encoding to copy filtered resources.
[INFO] Copying 0 resource
[INFO] 
[INFO] --- maven-compiler-plugin:2.5.1:testCompile (default-testCompile) @ codeRacing ---
[INFO] Compiling 1 source file to C:\GithubProjects\codeRacing\target\test-classes
[INFO] 
[INFO] --- maven-surefire-plugin:2.12.4:test (default-test) @ codeRacing ---
[INFO] Surefire report directory: C:\GithubProjects\codeRacing\target\surefire-reports

-------------------------------------------------------
 T E S T S
-------------------------------------------------------
Running com.lam.coder.codeChef.CielAndReceiptTest
Tests run: 1, Failures: 0, Errors: 0, Skipped: 0, Time elapsed: 0.239 sec
Running com.lam.coder.codeChef.KayaksTest
Tests run: 1, Failures: 0, Errors: 0, Skipped: 0, Time elapsed: 0.001 sec
Running com.lam.coder.codeeval.BitsPositionsTest
Tests run: 1, Failures: 0, Errors: 0, Skipped: 0, Time elapsed: 0.066 sec
Running com.lam.coder.codeeval.CleanUpTheWordsTest
Tests run: 1, Failures: 0, Errors: 0, Skipped: 0, Time elapsed: 0.001 sec
Running com.lam.coder.codeeval.FizzBuzzTest
Tests run: 1, Failures: 0, Errors: 0, Skipped: 0, Time elapsed: 0.001 sec
Running com.lam.coder.codeeval.KnightMovesTest
Tests run: 1, Failures: 0, Errors: 0, Skipped: 0, Time elapsed: 0 sec
Running com.lam.coder.codeeval.MainTest
Tests run: 1, Failures: 0, Errors: 0, Skipped: 0, Time elapsed: 0 sec
Running com.lam.coder.codeeval.ReadMoreTest
Tests run: 1, Failures: 0, Errors: 0, Skipped: 0, Time elapsed: 0 sec
Running com.lam.coder.codeeval.StepwiseWordTest
Tests run: 1, Failures: 0, Errors: 0, Skipped: 0, Time elapsed: 0.001 sec
Running com.lam.coder.codeeval.StringMaskTest
Tests run: 1, Failures: 0, Errors: 0, Skipped: 0, Time elapsed: 0.025 sec
Running com.lam.coder.codeeval.StringsAndArrowsTest
Tests run: 1, Failures: 1, Errors: 0, Skipped: 0, Time elapsed: 0.028 sec <<< FAILURE!
test(com.lam.coder.codeeval.StringsAndArrowsTest)  Time elapsed: 0.024 sec  <<< FAILURE!
java.lang.AssertionError: expected:<2> but was:<1>
	at org.junit.Assert.fail(Assert.java:88)
	at org.junit.Assert.failNotEquals(Assert.java:743)
	at org.junit.Assert.assertEquals(Assert.java:118)
	at org.junit.Assert.assertEquals(Assert.java:555)
	at org.junit.Assert.assertEquals(Assert.java:542)
	at com.lam.coder.codeeval.StringsAndArrowsTest.test(StringsAndArrowsTest.java:25)
	at sun.reflect.NativeMethodAccessorImpl.invoke0(Native Method)
	at sun.reflect.NativeMethodAccessorImpl.invoke(NativeMethodAccessorImpl.java:57)
	at sun.reflect.DelegatingMethodAccessorImpl.invoke(DelegatingMethodAccessorImpl.java:43)
	at java.lang.reflect.Method.invoke(Method.java:606)
	at org.junit.runners.model.FrameworkMethod$1.runReflectiveCall(FrameworkMethod.java:47)
	at org.junit.internal.runners.model.ReflectiveCallable.run(ReflectiveCallable.java:12)
	at org.junit.runners.model.FrameworkMethod.invokeExplosively(FrameworkMethod.java:44)
	at org.junit.internal.runners.statements.InvokeMethod.evaluate(InvokeMethod.java:17)
	at org.junit.internal.runners.statements.FailOnTimeout$StatementThread.run(FailOnTimeout.java:74)

Running com.lam.coder.codeeval.WithoutRepetitionsTest
Tests run: 1, Failures: 0, Errors: 0, Skipped: 0, Time elapsed: 0.001 sec
Running com.lam.coder.codeforces.ArrivalOfTheGeneralTest
Tests run: 1, Failures: 0, Errors: 0, Skipped: 0, Time elapsed: 0.001 sec
Running com.lam.coder.codeforces.CapsLockTest
Tests run: 1, Failures: 0, Errors: 0, Skipped: 0, Time elapsed: 0 sec
Running com.lam.coder.codeforces.ChatRoomTest
Tests run: 1, Failures: 0, Errors: 0, Skipped: 0, Time elapsed: 0.001 sec
Running com.lam.coder.codeforces.DominoPilingTest
Tests run: 1, Failures: 0, Errors: 0, Skipped: 0, Time elapsed: 0.001 sec
Running com.lam.coder.codeforces.DoubleColaTest
Tests run: 1, Failures: 0, Errors: 0, Skipped: 0, Time elapsed: 0 sec
Running com.lam.coder.codeforces.EpicGameTest
Tests run: 1, Failures: 0, Errors: 0, Skipped: 0, Time elapsed: 0 sec
Running com.lam.coder.codeforces.GameWithSticksTest
Tests run: 1, Failures: 0, Errors: 0, Skipped: 0, Time elapsed: 0 sec
Running com.lam.coder.codeforces.HelpfulMathsTest
Tests run: 1, Failures: 0, Errors: 0, Skipped: 0, Time elapsed: 0 sec
Running com.lam.coder.codeforces.InsomniaCureTest
Tests run: 1, Failures: 0, Errors: 0, Skipped: 0, Time elapsed: 0.151 sec
Running com.lam.coder.codeforces.LinelandMailTest
Tests run: 1, Failures: 0, Errors: 0, Skipped: 0, Time elapsed: 0.001 sec
Running com.lam.coder.codeforces.MainTest
Tests run: 1, Failures: 0, Errors: 0, Skipped: 1, Time elapsed: 0 sec
Running com.lam.coder.codeforces.NearlyLuckyNumberTest
Tests run: 1, Failures: 0, Errors: 0, Skipped: 0, Time elapsed: 0 sec
Running com.lam.coder.codeforces.NewYearCandlesTest
Tests run: 1, Failures: 0, Errors: 0, Skipped: 0, Time elapsed: 0 sec
Running com.lam.coder.codeforces.NewYearTransportationTest
Tests run: 1, Failures: 0, Errors: 0, Skipped: 0, Time elapsed: 0.001 sec
Running com.lam.coder.codeforces.NextRoundTest
Tests run: 1, Failures: 0, Errors: 0, Skipped: 0, Time elapsed: 0.001 sec
Running com.lam.coder.codeforces.PetyaAndStringsTest
Tests run: 1, Failures: 0, Errors: 0, Skipped: 0, Time elapsed: 0 sec
Running com.lam.coder.codeforces.PresentsTest
Tests run: 1, Failures: 0, Errors: 0, Skipped: 0, Time elapsed: 0.001 sec
Running com.lam.coder.codeforces.QueueAtTheSchoolTest
Tests run: 1, Failures: 0, Errors: 0, Skipped: 0, Time elapsed: 0 sec
Running com.lam.coder.codeforces.StonesOnTheTableTest
Tests run: 1, Failures: 0, Errors: 0, Skipped: 0, Time elapsed: 0.001 sec
Running com.lam.coder.codeforces.StringTaskTest
Tests run: 1, Failures: 0, Errors: 0, Skipped: 0, Time elapsed: 0.001 sec
Running com.lam.coder.codeforces.TaxiTest
Tests run: 1, Failures: 0, Errors: 0, Skipped: 0, Time elapsed: 0.01 sec
Running com.lam.coder.codeforces.TheaterSquareTest
Tests run: 1, Failures: 0, Errors: 0, Skipped: 0, Time elapsed: 0.593 sec
Running com.lam.coder.codeforces.TramTest
Tests run: 1, Failures: 0, Errors: 0, Skipped: 0, Time elapsed: 0.001 sec
Running com.lam.coder.codeforces.TwinsTest
Tests run: 1, Failures: 0, Errors: 0, Skipped: 0, Time elapsed: 0 sec
Running com.lam.coder.codeforces.VasyaAndSocksTest
Tests run: 1, Failures: 0, Errors: 0, Skipped: 0, Time elapsed: 0.001 sec
Running com.lam.coder.codeforces.WatchingAMovieTest
Tests run: 2, Failures: 0, Errors: 0, Skipped: 0, Time elapsed: 0.001 sec
Running com.lam.coder.codeforces.WaterMelonTest
Tests run: 1, Failures: 0, Errors: 0, Skipped: 0, Time elapsed: 0.001 sec
Running com.lam.coder.codeforces.WayTooLongWordsTest
Tests run: 1, Failures: 0, Errors: 0, Skipped: 0, Time elapsed: 0.001 sec
Running com.lam.coder.codility.FrogJumpTest
Tests run: 1, Failures: 0, Errors: 0, Skipped: 0, Time elapsed: 0 sec
Running com.lam.coder.codility.FrogRiverOneTest
Tests run: 1, Failures: 0, Errors: 0, Skipped: 0, Time elapsed: 0.001 sec
Running com.lam.coder.codility.GenomicRangeQueryTest
Tests run: 1, Failures: 0, Errors: 0, Skipped: 0, Time elapsed: 0 sec
Running com.lam.coder.codility.MaxCountersTest
Tests run: 1, Failures: 0, Errors: 0, Skipped: 0, Time elapsed: 0 sec
Running com.lam.coder.codility.MaxProductOfThreeTest
Tests run: 1, Failures: 0, Errors: 0, Skipped: 0, Time elapsed: 0 sec
Running com.lam.coder.codility.MissingElementInArrayTest
Tests run: 1, Failures: 0, Errors: 0, Skipped: 0, Time elapsed: 0.001 sec
Running com.lam.coder.codility.MissingIntegerTest
Tests run: 1, Failures: 0, Errors: 0, Skipped: 0, Time elapsed: 0 sec
Running com.lam.coder.codility.PassingCarsTest
Tests run: 1, Failures: 0, Errors: 0, Skipped: 0, Time elapsed: 0.001 sec
Running com.lam.coder.codility.PermutationCheckTest
Tests run: 2, Failures: 0, Errors: 0, Skipped: 0, Time elapsed: 0.001 sec
Running com.lam.coder.codility.TapeEquilibriumTest
Tests run: 2, Failures: 0, Errors: 0, Skipped: 0, Time elapsed: 0.001 sec
Running com.lam.coder.codility.tmp.BallSwitchTest
Tests run: 5, Failures: 0, Errors: 0, Skipped: 0, Time elapsed: 0.002 sec
Running com.lam.coder.codility.tmp.BracketsTest
Tests run: 2, Failures: 0, Errors: 0, Skipped: 0, Time elapsed: 0.001 sec
Running com.lam.coder.codility.tmp.DeepestTest
Tests run: 1, Failures: 0, Errors: 0, Skipped: 0, Time elapsed: 0.001 sec
Running com.lam.coder.codility.tmp.FallingDiscsTest
Tests run: 1, Failures: 0, Errors: 0, Skipped: 0, Time elapsed: 0.001 sec
Running com.lam.coder.codility.tmp.FishTest
Tests run: 1, Failures: 0, Errors: 0, Skipped: 1, Time elapsed: 0 sec
Running com.lam.coder.codility.tmp.IntersectingDiscsTest
Tests run: 1, Failures: 0, Errors: 0, Skipped: 0, Time elapsed: 0.001 sec
Running com.lam.coder.codility.tmp.MaximumDeviationTest
Tests run: 1, Failures: 0, Errors: 0, Skipped: 0, Time elapsed: 0 sec
Running com.lam.coder.codility.tmp.MaxProfitTest
Tests run: 1, Failures: 0, Errors: 0, Skipped: 0, Time elapsed: 0.001 sec
Running com.lam.coder.codility.tmp.MaxSliceSumTest
Tests run: 1, Failures: 0, Errors: 0, Skipped: 1, Time elapsed: 0.001 sec
Running com.lam.coder.codility.tmp.PawsMovementTest
Tests run: 1, Failures: 0, Errors: 0, Skipped: 0, Time elapsed: 0 sec
Running com.lam.coder.codility.tmp.PrefixSetTest
Tests run: 6, Failures: 0, Errors: 0, Skipped: 0, Time elapsed: 0.003 sec
Running com.lam.coder.codility.tmp.SolutionTest
Tests run: 1, Failures: 1, Errors: 0, Skipped: 0, Time elapsed: 0.001 sec <<< FAILURE!
testSolution(com.lam.coder.codility.tmp.SolutionTest)  Time elapsed: 0 sec  <<< FAILURE!
junit.framework.AssertionFailedError: expected:<12> but was:<36>
	at junit.framework.Assert.fail(Assert.java:57)
	at junit.framework.Assert.failNotEquals(Assert.java:329)
	at junit.framework.Assert.assertEquals(Assert.java:78)
	at junit.framework.Assert.assertEquals(Assert.java:234)
	at junit.framework.Assert.assertEquals(Assert.java:241)
	at com.lam.coder.codility.tmp.SolutionTest.testSolution(SolutionTest.java:35)
	at sun.reflect.NativeMethodAccessorImpl.invoke0(Native Method)
	at sun.reflect.NativeMethodAccessorImpl.invoke(NativeMethodAccessorImpl.java:57)
	at sun.reflect.DelegatingMethodAccessorImpl.invoke(DelegatingMethodAccessorImpl.java:43)
	at java.lang.reflect.Method.invoke(Method.java:606)
	at junit.framework.TestCase.runTest(TestCase.java:176)
	at junit.framework.TestCase.runBare(TestCase.java:141)
	at junit.framework.TestResult$1.protect(TestResult.java:122)
	at junit.framework.TestResult.runProtected(TestResult.java:142)
	at junit.framework.TestResult.run(TestResult.java:125)
	at junit.framework.TestCase.run(TestCase.java:129)
	at junit.framework.TestSuite.runTest(TestSuite.java:255)
	at junit.framework.TestSuite.run(TestSuite.java:250)
	at org.junit.internal.runners.JUnit38ClassRunner.run(JUnit38ClassRunner.java:84)
	at org.apache.maven.surefire.junit4.JUnit4Provider.execute(JUnit4Provider.java:252)
	at org.apache.maven.surefire.junit4.JUnit4Provider.executeTestSet(JUnit4Provider.java:141)
	at org.apache.maven.surefire.junit4.JUnit4Provider.invoke(JUnit4Provider.java:112)
	at sun.reflect.NativeMethodAccessorImpl.invoke0(Native Method)
	at sun.reflect.NativeMethodAccessorImpl.invoke(NativeMethodAccessorImpl.java:57)
	at sun.reflect.DelegatingMethodAccessorImpl.invoke(DelegatingMethodAccessorImpl.java:43)
	at java.lang.reflect.Method.invoke(Method.java:606)
	at org.apache.maven.surefire.util.ReflectionUtils.invokeMethodWithArray(ReflectionUtils.java:189)
	at org.apache.maven.surefire.booter.ProviderFactory$ProviderProxy.invoke(ProviderFactory.java:165)
	at org.apache.maven.surefire.booter.ProviderFactory.invokeProvider(ProviderFactory.java:85)
	at org.apache.maven.surefire.booter.ForkedBooter.runSuitesInProcess(ForkedBooter.java:115)
	at org.apache.maven.surefire.booter.ForkedBooter.main(ForkedBooter.java:75)

Running com.lam.coder.codility.tmp.StoneWallTest
Tests run: 5, Failures: 0, Errors: 0, Skipped: 0, Time elapsed: 0.002 sec
Running com.lam.coder.codility.tmp.StringBorderTest
Tests run: 1, Failures: 0, Errors: 0, Skipped: 0, Time elapsed: 0.001 sec
Running com.lam.coder.codility.tmp.TriangleTest
Tests run: 1, Failures: 0, Errors: 0, Skipped: 0, Time elapsed: 0.001 sec
Running com.lam.coder.games.CardTest
Tests run: 4, Failures: 0, Errors: 0, Skipped: 0, Time elapsed: 0.001 sec
Running com.lam.coder.games.DeckTest
Tests run: 11, Failures: 0, Errors: 0, Skipped: 0, Time elapsed: 0.003 sec
Running com.lam.coder.games.PokerHandTest
IllegalArgumentException: The size of the list must be 5.
Tests run: 13, Failures: 0, Errors: 0, Skipped: 0, Time elapsed: 0.007 sec
Running com.lam.coder.kata.DirectoryRamdomIteratorTest
fakeFileFour.txt
fakeFileOne.txt
fakeFileThree.txt
fakeFileTwo.txt
fakeFileOne.txt
fakeFileFour.txt
fakeFileTwo.txt
fakeFileThree.txt
Empty dir expects an element with a 0 length string: 
File: fakeFile.txt
Tests run: 5, Failures: 0, Errors: 0, Skipped: 0, Time elapsed: 0.002 sec
Running com.lam.coder.programmingpraxis.RailFenceCipherTest
Tests run: 2, Failures: 0, Errors: 0, Skipped: 0, Time elapsed: 0.001 sec
Running com.lam.coder.programmingpraxis.RPNCalculatorTest
Tests run: 2, Failures: 0, Errors: 0, Skipped: 0, Time elapsed: 0.001 sec
Running com.lam.coder.projectEuler.AmicableChainsTest
Solution: i: 14316, size 28, [14316, 17716, 19116, 19916, 22744, 22976, 31704, 45946, 47616, 48976, 83328, 97946, 122410, 152990, 177792, 243760, 274924, 275444, 285778, 294896, 295488, 358336, 366556, 376736, 381028, 418904, 589786, 629072]
Tests run: 1, Failures: 0, Errors: 0, Skipped: 0, Time elapsed: 2.848 sec
Running com.lam.coder.projectEuler.BouncyNumbersTest
Tests run: 1, Failures: 0, Errors: 0, Skipped: 0, Time elapsed: 2.169 sec
Running com.lam.coder.projectEuler.ChampernownesConstantProductTest
Tests run: 1, Failures: 0, Errors: 0, Skipped: 0, Time elapsed: 0.184 sec
Running com.lam.coder.projectEuler.CircularPrimesTest
Tests run: 1, Failures: 0, Errors: 0, Skipped: 0, Time elapsed: 1.727 sec
Running com.lam.coder.projectEuler.CodedTriangleNumbersTest
Tests run: 1, Failures: 0, Errors: 0, Skipped: 0, Time elapsed: 0.126 sec
Running com.lam.coder.projectEuler.CombinatoricSelectionsTest
Tests run: 1, Failures: 0, Errors: 0, Skipped: 0, Time elapsed: 1.236 sec
Running com.lam.coder.projectEuler.ConsecutivePrimeSumTest
Tests run: 1, Failures: 0, Errors: 0, Skipped: 0, Time elapsed: 0.52 sec
Running com.lam.coder.projectEuler.CountingSundaysTest
Tests run: 1, Failures: 0, Errors: 0, Skipped: 0, Time elapsed: 0.023 sec
Running com.lam.coder.projectEuler.DigitalFactorialChainsTest
Tests run: 1, Failures: 0, Errors: 0, Skipped: 1, Time elapsed: 0.003 sec
Running com.lam.coder.projectEuler.DigitCancellingFractionsTest
Tests run: 1, Failures: 0, Errors: 0, Skipped: 0, Time elapsed: 0.014 sec
Running com.lam.coder.projectEuler.DigitFactorialsTest
Tests run: 1, Failures: 0, Errors: 0, Skipped: 0, Time elapsed: 2.007 sec
Running com.lam.coder.projectEuler.DigitFifthsPowersTest
Tests run: 1, Failures: 0, Errors: 0, Skipped: 0, Time elapsed: 1.634 sec
Running com.lam.coder.projectEuler.DistinctPowersTest
Tests run: 1, Failures: 0, Errors: 0, Skipped: 0, Time elapsed: 0.844 sec
Running com.lam.coder.projectEuler.DistinctPrimesFactorsTest
Tests run: 1, Failures: 0, Errors: 0, Skipped: 0, Time elapsed: 3.04 sec
Running com.lam.coder.projectEuler.DoubleBasePalindromesTest
Tests run: 1, Failures: 0, Errors: 0, Skipped: 0, Time elapsed: 0.005 sec
Running com.lam.coder.projectEuler.FactorialDigitSumTest
Tests run: 1, Failures: 0, Errors: 0, Skipped: 0, Time elapsed: 0.001 sec
Running com.lam.coder.projectEuler.FactorsTriangleNumberTest
76576500/576/12375
Tests run: 1, Failures: 0, Errors: 0, Skipped: 0, Time elapsed: 3.481 sec
Running com.lam.coder.projectEuler.Find10001stPrimeTest
Tests run: 1, Failures: 0, Errors: 0, Skipped: 0, Time elapsed: 0.114 sec
Running com.lam.coder.projectEuler.FindFibonacciEvensTest
Tests run: 1, Failures: 0, Errors: 0, Skipped: 0, Time elapsed: 0 sec
Running com.lam.coder.projectEuler.GoldbachsOtherConjectureTest
Tests run: 1, Failures: 0, Errors: 0, Skipped: 0, Time elapsed: 42.505 sec
Running com.lam.coder.projectEuler.IntegerRightTrianglesTest
Tests run: 1, Failures: 0, Errors: 0, Skipped: 0, Time elapsed: 0.021 sec
Running com.lam.coder.projectEuler.LargeNonMersennePrimeTest
Tests run: 1, Failures: 0, Errors: 0, Skipped: 0, Time elapsed: 0.008 sec
Running com.lam.coder.projectEuler.LargestExponentialTest
Tests run: 1, Failures: 0, Errors: 0, Skipped: 0, Time elapsed: 0.016 sec
Running com.lam.coder.projectEuler.LargestGridProductTest
Tests run: 1, Failures: 0, Errors: 0, Skipped: 0, Time elapsed: 0.003 sec
Running com.lam.coder.projectEuler.LargestPalindromeProductTest
Ok, exception expected: Set the order
Tests run: 2, Failures: 0, Errors: 0, Skipped: 0, Time elapsed: 0.011 sec
Running com.lam.coder.projectEuler.LargestPrimeFactorTest
Tests run: 1, Failures: 0, Errors: 0, Skipped: 0, Time elapsed: 0.007 sec
Running com.lam.coder.projectEuler.LargestProductInASeriesTest
Tests run: 1, Failures: 0, Errors: 0, Skipped: 0, Time elapsed: 0.014 sec
Running com.lam.coder.projectEuler.LatticePathsTest
Tests run: 1, Failures: 0, Errors: 0, Skipped: 0, Time elapsed: 0.006 sec
Running com.lam.coder.projectEuler.LexicographicPermutationsTest
Tests run: 1, Failures: 0, Errors: 0, Skipped: 0, Time elapsed: 3.437 sec
Running com.lam.coder.projectEuler.LongestCollatzSequenceTest
Tests run: 1, Failures: 0, Errors: 0, Skipped: 0, Time elapsed: 44.203 sec
Running com.lam.coder.projectEuler.LychrelNumbersTest
Tests run: 1, Failures: 0, Errors: 0, Skipped: 0, Time elapsed: 0.482 sec
Running com.lam.coder.projectEuler.MaximumPathSumITest
Tests run: 2, Failures: 0, Errors: 0, Skipped: 0, Time elapsed: 0.012 sec
Running com.lam.coder.projectEuler.NamesScoresTest
Tests run: 1, Failures: 0, Errors: 0, Skipped: 0, Time elapsed: 0.066 sec
Running com.lam.coder.projectEuler.NonAbundantSumTest
Tests run: 1, Failures: 0, Errors: 0, Skipped: 1, Time elapsed: 0 sec
Running com.lam.coder.projectEuler.NumberLetterCounterTest
Tests run: 1, Failures: 0, Errors: 0, Skipped: 0, Time elapsed: 0.049 sec
Running com.lam.coder.projectEuler.NumberSpiralDiagonalsTest
Tests run: 1, Failures: 0, Errors: 0, Skipped: 0, Time elapsed: 0.057 sec
Running com.lam.coder.projectEuler.OneThousandDigitFibonacciNumberTest
Tests run: 1, Failures: 0, Errors: 0, Skipped: 0, Time elapsed: 4.082 sec
Running com.lam.coder.projectEuler.PanDigitalFibonacciEndsTest
Tests run: 1, Failures: 0, Errors: 0, Skipped: 0, Time elapsed: 0.838 sec
Running com.lam.coder.projectEuler.PandigitalMultiplesTest
Tests run: 1, Failures: 0, Errors: 0, Skipped: 0, Time elapsed: 0.13 sec
Running com.lam.coder.projectEuler.PandigitalPrimeTest
Tests run: 1, Failures: 0, Errors: 0, Skipped: 0, Time elapsed: 0 sec
Running com.lam.coder.projectEuler.PandigitalProductsTest
Tests run: 1, Failures: 0, Errors: 0, Skipped: 0, Time elapsed: 1.099 sec
Running com.lam.coder.projectEuler.PasscodeDerivationTest
Tests run: 1, Failures: 0, Errors: 0, Skipped: 0, Time elapsed: 0.004 sec
Running com.lam.coder.projectEuler.PentagonNumbersTest
Tests run: 1, Failures: 0, Errors: 0, Skipped: 0, Time elapsed: 7.06 sec
Running com.lam.coder.projectEuler.PermutedMultiplesTest
Tests run: 1, Failures: 0, Errors: 0, Skipped: 0, Time elapsed: 0.845 sec
Running com.lam.coder.projectEuler.PokerHandsTest
Tests run: 1, Failures: 0, Errors: 0, Skipped: 0, Time elapsed: 0.145 sec
Running com.lam.coder.projectEuler.PowerDigitSumTest
Tests run: 1, Failures: 0, Errors: 0, Skipped: 0, Time elapsed: 0.001 sec
Running com.lam.coder.projectEuler.PowerfulDigitCountsTest
Tests run: 1, Failures: 0, Errors: 0, Skipped: 0, Time elapsed: 0.001 sec
Running com.lam.coder.projectEuler.PowerfulDigitSumTest
Tests run: 1, Failures: 0, Errors: 0, Skipped: 0, Time elapsed: 0.846 sec
Running com.lam.coder.projectEuler.PrimePermutationsTest
Tests run: 1, Failures: 0, Errors: 0, Skipped: 0, Time elapsed: 5.264 sec
Running com.lam.coder.projectEuler.PythagoreanTripletTest
Tests run: 1, Failures: 0, Errors: 0, Skipped: 0, Time elapsed: 0 sec
Running com.lam.coder.projectEuler.QuadraticPrimesTest
Tests run: 1, Failures: 0, Errors: 0, Skipped: 0, Time elapsed: 2.915 sec
Running com.lam.coder.projectEuler.ReciprocalCyclesTest
Tests run: 1, Failures: 0, Errors: 0, Skipped: 0, Time elapsed: 1.727 sec
Running com.lam.coder.projectEuler.RomanNumeralsTest
Tests run: 1, Failures: 0, Errors: 0, Skipped: 0, Time elapsed: 0.043 sec
Running com.lam.coder.projectEuler.SelfPowersTest
Tests run: 1, Failures: 0, Errors: 0, Skipped: 0, Time elapsed: 0.13 sec
Running com.lam.coder.projectEuler.SmallestMultipleTest
Tests run: 2, Failures: 0, Errors: 0, Skipped: 0, Time elapsed: 0 sec
Running com.lam.coder.projectEuler.SquareDigitChainsTest
Tests run: 1, Failures: 0, Errors: 0, Skipped: 0, Time elapsed: 57.736 sec
Running com.lam.coder.projectEuler.SquareFreeBinomialCoefficientsTest
Tests run: 1, Failures: 0, Errors: 0, Skipped: 1, Time elapsed: 0 sec
Running com.lam.coder.projectEuler.SquareRootConvergentsTest
Tests run: 1, Failures: 0, Errors: 0, Skipped: 0, Time elapsed: 3.012 sec
Running com.lam.coder.projectEuler.SquareRootDigitalExpansionTest
Tests run: 1, Failures: 0, Errors: 0, Skipped: 0, Time elapsed: 6.138 sec
Running com.lam.coder.projectEuler.SubstringDivisibilityTest
Tests run: 1, Failures: 0, Errors: 0, Skipped: 0, Time elapsed: 0.5 sec
Running com.lam.coder.projectEuler.SumAmicableNumbersTest
Tests run: 1, Failures: 0, Errors: 0, Skipped: 0, Time elapsed: 0.271 sec
Running com.lam.coder.projectEuler.SummationPrimesTest
Tests run: 1, Failures: 0, Errors: 0, Skipped: 0, Time elapsed: 0.154 sec
Running com.lam.coder.projectEuler.SumMultiplesTest
Tests run: 1, Failures: 0, Errors: 0, Skipped: 0, Time elapsed: 0 sec
Running com.lam.coder.projectEuler.SumOneHundred50DigitNumbersTest
Tests run: 1, Failures: 0, Errors: 0, Skipped: 0, Time elapsed: 0.004 sec
Running com.lam.coder.projectEuler.SumSquareDifferenceTest
Tests run: 1, Failures: 0, Errors: 0, Skipped: 0, Time elapsed: 0.005 sec
Running com.lam.coder.projectEuler.TotientMaximumTest
Tests run: 1, Failures: 0, Errors: 0, Skipped: 0, Time elapsed: 66.676 sec
Running com.lam.coder.projectEuler.TriangularPentagonalHexagonalTest
Tests run: 1, Failures: 0, Errors: 0, Skipped: 0, Time elapsed: 0.041 sec
Running com.lam.coder.projectEuler.TruncatablePrimesTest
Tests run: 1, Failures: 0, Errors: 0, Skipped: 0, Time elapsed: 4.343 sec
Running com.lam.coder.projectEuler.XORDecryptionTest
Tests run: 1, Failures: 0, Errors: 0, Skipped: 0, Time elapsed: 0.043 sec
Running com.lam.coder.rosalind.ComplementingDNATest
Tests run: 1, Failures: 0, Errors: 0, Skipped: 0, Time elapsed: 0.001 sec
Running com.lam.coder.rosalind.ComputingGCContentTest
Tests run: 1, Failures: 0, Errors: 0, Skipped: 0, Time elapsed: 0.001 sec
Running com.lam.coder.rosalind.CountingDNANucleotidesTest
Tests run: 1, Failures: 0, Errors: 0, Skipped: 0, Time elapsed: 0 sec
Running com.lam.coder.rosalind.CountingPointMutationsTest
Tests run: 1, Failures: 0, Errors: 0, Skipped: 0, Time elapsed: 0 sec
Running com.lam.coder.rosalind.FromDNAintoRNATest
Tests run: 1, Failures: 0, Errors: 0, Skipped: 0, Time elapsed: 0.001 sec
Running com.lam.coder.rosalind.MainTest
Tests run: 1, Failures: 1, Errors: 0, Skipped: 0, Time elapsed: 0.002 sec <<< FAILURE!
test(com.lam.coder.rosalind.MainTest)  Time elapsed: 0.001 sec  <<< FAILURE!
java.lang.AssertionError: expected:<0> but was:<com.lam.coder.rosalind.Main@1f15d64>
	at org.junit.Assert.fail(Assert.java:88)
	at org.junit.Assert.failNotEquals(Assert.java:743)
	at org.junit.Assert.assertEquals(Assert.java:118)
	at org.junit.Assert.assertEquals(Assert.java:144)
	at com.lam.coder.rosalind.MainTest.test(MainTest.java:25)
	at sun.reflect.NativeMethodAccessorImpl.invoke0(Native Method)
	at sun.reflect.NativeMethodAccessorImpl.invoke(NativeMethodAccessorImpl.java:57)
	at sun.reflect.DelegatingMethodAccessorImpl.invoke(DelegatingMethodAccessorImpl.java:43)
	at java.lang.reflect.Method.invoke(Method.java:606)
	at org.junit.runners.model.FrameworkMethod$1.runReflectiveCall(FrameworkMethod.java:47)
	at org.junit.internal.runners.model.ReflectiveCallable.run(ReflectiveCallable.java:12)
	at org.junit.runners.model.FrameworkMethod.invokeExplosively(FrameworkMethod.java:44)
	at org.junit.internal.runners.statements.InvokeMethod.evaluate(InvokeMethod.java:17)
	at org.junit.internal.runners.statements.RunBefores.evaluate(RunBefores.java:26)
	at org.junit.internal.runners.statements.RunAfters.evaluate(RunAfters.java:27)
	at org.junit.runners.ParentRunner.runLeaf(ParentRunner.java:271)
	at org.junit.runners.BlockJUnit4ClassRunner.runChild(BlockJUnit4ClassRunner.java:70)
	at org.junit.runners.BlockJUnit4ClassRunner.runChild(BlockJUnit4ClassRunner.java:50)
	at org.junit.runners.ParentRunner$3.run(ParentRunner.java:238)
	at org.junit.runners.ParentRunner$1.schedule(ParentRunner.java:63)
	at org.junit.runners.ParentRunner.runChildren(ParentRunner.java:236)
	at org.junit.runners.ParentRunner.access$000(ParentRunner.java:53)
	at org.junit.runners.ParentRunner$2.evaluate(ParentRunner.java:229)
	at org.junit.runners.ParentRunner.run(ParentRunner.java:309)
	at org.apache.maven.surefire.junit4.JUnit4Provider.execute(JUnit4Provider.java:252)
	at org.apache.maven.surefire.junit4.JUnit4Provider.executeTestSet(JUnit4Provider.java:141)
	at org.apache.maven.surefire.junit4.JUnit4Provider.invoke(JUnit4Provider.java:112)
	at sun.reflect.NativeMethodAccessorImpl.invoke0(Native Method)
	at sun.reflect.NativeMethodAccessorImpl.invoke(NativeMethodAccessorImpl.java:57)
	at sun.reflect.DelegatingMethodAccessorImpl.invoke(DelegatingMethodAccessorImpl.java:43)
	at java.lang.reflect.Method.invoke(Method.java:606)
	at org.apache.maven.surefire.util.ReflectionUtils.invokeMethodWithArray(ReflectionUtils.java:189)
	at org.apache.maven.surefire.booter.ProviderFactory$ProviderProxy.invoke(ProviderFactory.java:165)
	at org.apache.maven.surefire.booter.ProviderFactory.invokeProvider(ProviderFactory.java:85)
	at org.apache.maven.surefire.booter.ForkedBooter.runSuitesInProcess(ForkedBooter.java:115)
	at org.apache.maven.surefire.booter.ForkedBooter.main(ForkedBooter.java:75)

Running com.lam.coder.rosalind.TranslateRNAintoProteinTest
Tests run: 1, Failures: 0, Errors: 0, Skipped: 0, Time elapsed: 0.001 sec
Running com.lam.coder.sortStd.comparator.NaturalComparatorTest
Tests run: 3, Failures: 0, Errors: 0, Skipped: 0, Time elapsed: 0.001 sec
Running com.lam.coder.sortStd.comparator.ReverseComparatorTest
Tests run: 3, Failures: 0, Errors: 0, Skipped: 0, Time elapsed: 0.002 sec
Running com.lam.coder.sortStd.MergerSortListSorterTest
Tests run: 1, Failures: 0, Errors: 0, Skipped: 0, Time elapsed: 0 sec
Running com.lam.coder.topCoder.AddMultiplyTest
Tests run: 1, Failures: 1, Errors: 0, Skipped: 0, Time elapsed: 0.002 sec <<< FAILURE!
testMakeExpression(com.lam.coder.topCoder.AddMultiplyTest)  Time elapsed: 0 sec  <<< FAILURE!
arrays first differed at element [0]; expected:<2> but was:<0>
	at org.junit.internal.ComparisonCriteria.arrayEquals(ComparisonCriteria.java:50)
	at org.junit.Assert.internalArrayEquals(Assert.java:473)
	at org.junit.Assert.assertArrayEquals(Assert.java:369)
	at org.junit.Assert.assertArrayEquals(Assert.java:380)
	at com.lam.coder.topCoder.AddMultiplyTest.testMakeExpression(AddMultiplyTest.java:27)
	at sun.reflect.NativeMethodAccessorImpl.invoke0(Native Method)
	at sun.reflect.NativeMethodAccessorImpl.invoke(NativeMethodAccessorImpl.java:57)
	at sun.reflect.DelegatingMethodAccessorImpl.invoke(DelegatingMethodAccessorImpl.java:43)
	at java.lang.reflect.Method.invoke(Method.java:606)
	at org.junit.runners.model.FrameworkMethod$1.runReflectiveCall(FrameworkMethod.java:47)
	at org.junit.internal.runners.model.ReflectiveCallable.run(ReflectiveCallable.java:12)
	at org.junit.runners.model.FrameworkMethod.invokeExplosively(FrameworkMethod.java:44)
	at org.junit.internal.runners.statements.InvokeMethod.evaluate(InvokeMethod.java:17)
	at org.junit.internal.runners.statements.RunBefores.evaluate(RunBefores.java:26)
	at org.junit.internal.runners.statements.RunAfters.evaluate(RunAfters.java:27)
	at org.junit.runners.ParentRunner.runLeaf(ParentRunner.java:271)
	at org.junit.runners.BlockJUnit4ClassRunner.runChild(BlockJUnit4ClassRunner.java:70)
	at org.junit.runners.BlockJUnit4ClassRunner.runChild(BlockJUnit4ClassRunner.java:50)
	at org.junit.runners.ParentRunner$3.run(ParentRunner.java:238)
	at org.junit.runners.ParentRunner$1.schedule(ParentRunner.java:63)
	at org.junit.runners.ParentRunner.runChildren(ParentRunner.java:236)
	at org.junit.runners.ParentRunner.access$000(ParentRunner.java:53)
	at org.junit.runners.ParentRunner$2.evaluate(ParentRunner.java:229)
	at org.junit.runners.ParentRunner.run(ParentRunner.java:309)
	at org.apache.maven.surefire.junit4.JUnit4Provider.execute(JUnit4Provider.java:252)
	at org.apache.maven.surefire.junit4.JUnit4Provider.executeTestSet(JUnit4Provider.java:141)
	at org.apache.maven.surefire.junit4.JUnit4Provider.invoke(JUnit4Provider.java:112)
	at sun.reflect.NativeMethodAccessorImpl.invoke0(Native Method)
	at sun.reflect.NativeMethodAccessorImpl.invoke(NativeMethodAccessorImpl.java:57)
	at sun.reflect.DelegatingMethodAccessorImpl.invoke(DelegatingMethodAccessorImpl.java:43)
	at java.lang.reflect.Method.invoke(Method.java:606)
	at org.apache.maven.surefire.util.ReflectionUtils.invokeMethodWithArray(ReflectionUtils.java:189)
	at org.apache.maven.surefire.booter.ProviderFactory$ProviderProxy.invoke(ProviderFactory.java:165)
	at org.apache.maven.surefire.booter.ProviderFactory.invokeProvider(ProviderFactory.java:85)
	at org.apache.maven.surefire.booter.ForkedBooter.runSuitesInProcess(ForkedBooter.java:115)
	at org.apache.maven.surefire.booter.ForkedBooter.main(ForkedBooter.java:75)

Running com.lam.coder.topCoder.AlephNullTest
Tests run: 2, Failures: 0, Errors: 0, Skipped: 0, Time elapsed: 0.001 sec
Running com.lam.coder.topCoder.AmebaDiv2Test
Tests run: 2, Failures: 0, Errors: 0, Skipped: 0, Time elapsed: 0.001 sec
Running com.lam.coder.topCoder.AppleWordTest
Tests run: 2, Failures: 0, Errors: 0, Skipped: 0, Time elapsed: 0.001 sec
Running com.lam.coder.topCoder.ArchimedesTest
Tests run: 2, Failures: 0, Errors: 0, Skipped: 0, Time elapsed: 0 sec
Running com.lam.coder.topCoder.AreaTest
It is a rectangle !
Tests run: 1, Failures: 1, Errors: 0, Skipped: 0, Time elapsed: 0.001 sec <<< FAILURE!
testTotalEnclosed(com.lam.coder.topCoder.AreaTest)  Time elapsed: 0.001 sec  <<< FAILURE!
junit.framework.AssertionFailedError: expected:<1> but was:<0>
	at junit.framework.Assert.fail(Assert.java:57)
	at junit.framework.Assert.failNotEquals(Assert.java:329)
	at junit.framework.Assert.assertEquals(Assert.java:78)
	at junit.framework.Assert.assertEquals(Assert.java:234)
	at junit.framework.Assert.assertEquals(Assert.java:241)
	at com.lam.coder.topCoder.AreaTest.testTotalEnclosed(AreaTest.java:30)
	at sun.reflect.NativeMethodAccessorImpl.invoke0(Native Method)
	at sun.reflect.NativeMethodAccessorImpl.invoke(NativeMethodAccessorImpl.java:57)
	at sun.reflect.DelegatingMethodAccessorImpl.invoke(DelegatingMethodAccessorImpl.java:43)
	at java.lang.reflect.Method.invoke(Method.java:606)
	at org.junit.runners.model.FrameworkMethod$1.runReflectiveCall(FrameworkMethod.java:47)
	at org.junit.internal.runners.model.ReflectiveCallable.run(ReflectiveCallable.java:12)
	at org.junit.runners.model.FrameworkMethod.invokeExplosively(FrameworkMethod.java:44)
	at org.junit.internal.runners.statements.InvokeMethod.evaluate(InvokeMethod.java:17)
	at org.junit.internal.runners.statements.RunBefores.evaluate(RunBefores.java:26)
	at org.junit.internal.runners.statements.RunAfters.evaluate(RunAfters.java:27)
	at org.junit.runners.ParentRunner.runLeaf(ParentRunner.java:271)
	at org.junit.runners.BlockJUnit4ClassRunner.runChild(BlockJUnit4ClassRunner.java:70)
	at org.junit.runners.BlockJUnit4ClassRunner.runChild(BlockJUnit4ClassRunner.java:50)
	at org.junit.runners.ParentRunner$3.run(ParentRunner.java:238)
	at org.junit.runners.ParentRunner$1.schedule(ParentRunner.java:63)
	at org.junit.runners.ParentRunner.runChildren(ParentRunner.java:236)
	at org.junit.runners.ParentRunner.access$000(ParentRunner.java:53)
	at org.junit.runners.ParentRunner$2.evaluate(ParentRunner.java:229)
	at org.junit.runners.ParentRunner.run(ParentRunner.java:309)
	at org.apache.maven.surefire.junit4.JUnit4Provider.execute(JUnit4Provider.java:252)
	at org.apache.maven.surefire.junit4.JUnit4Provider.executeTestSet(JUnit4Provider.java:141)
	at org.apache.maven.surefire.junit4.JUnit4Provider.invoke(JUnit4Provider.java:112)
	at sun.reflect.NativeMethodAccessorImpl.invoke0(Native Method)
	at sun.reflect.NativeMethodAccessorImpl.invoke(NativeMethodAccessorImpl.java:57)
	at sun.reflect.DelegatingMethodAccessorImpl.invoke(DelegatingMethodAccessorImpl.java:43)
	at java.lang.reflect.Method.invoke(Method.java:606)
	at org.apache.maven.surefire.util.ReflectionUtils.invokeMethodWithArray(ReflectionUtils.java:189)
	at org.apache.maven.surefire.booter.ProviderFactory$ProviderProxy.invoke(ProviderFactory.java:165)
	at org.apache.maven.surefire.booter.ProviderFactory.invokeProvider(ProviderFactory.java:85)
	at org.apache.maven.surefire.booter.ForkedBooter.runSuitesInProcess(ForkedBooter.java:115)
	at org.apache.maven.surefire.booter.ForkedBooter.main(ForkedBooter.java:75)

Running com.lam.coder.topCoder.AverageTest
Tests run: 2, Failures: 0, Errors: 0, Skipped: 0, Time elapsed: 0 sec
Running com.lam.coder.topCoder.BadClockTest
Tests run: 1, Failures: 1, Errors: 0, Skipped: 0, Time elapsed: 0.001 sec <<< FAILURE!
testNextAgreement(com.lam.coder.topCoder.BadClockTest)  Time elapsed: 0.001 sec  <<< FAILURE!
junit.framework.AssertionFailedError: expected:<8625.0> but was:<-15.0>
	at junit.framework.Assert.fail(Assert.java:57)
	at junit.framework.Assert.failNotEquals(Assert.java:329)
	at junit.framework.Assert.assertEquals(Assert.java:78)
	at junit.framework.Assert.assertEquals(Assert.java:86)
	at com.lam.coder.topCoder.BadClockTest.testNextAgreement(BadClockTest.java:30)
	at sun.reflect.NativeMethodAccessorImpl.invoke0(Native Method)
	at sun.reflect.NativeMethodAccessorImpl.invoke(NativeMethodAccessorImpl.java:57)
	at sun.reflect.DelegatingMethodAccessorImpl.invoke(DelegatingMethodAccessorImpl.java:43)
	at java.lang.reflect.Method.invoke(Method.java:606)
	at org.junit.runners.model.FrameworkMethod$1.runReflectiveCall(FrameworkMethod.java:47)
	at org.junit.internal.runners.model.ReflectiveCallable.run(ReflectiveCallable.java:12)
	at org.junit.runners.model.FrameworkMethod.invokeExplosively(FrameworkMethod.java:44)
	at org.junit.internal.runners.statements.InvokeMethod.evaluate(InvokeMethod.java:17)
	at org.junit.internal.runners.statements.RunBefores.evaluate(RunBefores.java:26)
	at org.junit.internal.runners.statements.RunAfters.evaluate(RunAfters.java:27)
	at org.junit.runners.ParentRunner.runLeaf(ParentRunner.java:271)
	at org.junit.runners.BlockJUnit4ClassRunner.runChild(BlockJUnit4ClassRunner.java:70)
	at org.junit.runners.BlockJUnit4ClassRunner.runChild(BlockJUnit4ClassRunner.java:50)
	at org.junit.runners.ParentRunner$3.run(ParentRunner.java:238)
	at org.junit.runners.ParentRunner$1.schedule(ParentRunner.java:63)
	at org.junit.runners.ParentRunner.runChildren(ParentRunner.java:236)
	at org.junit.runners.ParentRunner.access$000(ParentRunner.java:53)
	at org.junit.runners.ParentRunner$2.evaluate(ParentRunner.java:229)
	at org.junit.runners.ParentRunner.run(ParentRunner.java:309)
	at org.apache.maven.surefire.junit4.JUnit4Provider.execute(JUnit4Provider.java:252)
	at org.apache.maven.surefire.junit4.JUnit4Provider.executeTestSet(JUnit4Provider.java:141)
	at org.apache.maven.surefire.junit4.JUnit4Provider.invoke(JUnit4Provider.java:112)
	at sun.reflect.NativeMethodAccessorImpl.invoke0(Native Method)
	at sun.reflect.NativeMethodAccessorImpl.invoke(NativeMethodAccessorImpl.java:57)
	at sun.reflect.DelegatingMethodAccessorImpl.invoke(DelegatingMethodAccessorImpl.java:43)
	at java.lang.reflect.Method.invoke(Method.java:606)
	at org.apache.maven.surefire.util.ReflectionUtils.invokeMethodWithArray(ReflectionUtils.java:189)
	at org.apache.maven.surefire.booter.ProviderFactory$ProviderProxy.invoke(ProviderFactory.java:165)
	at org.apache.maven.surefire.booter.ProviderFactory.invokeProvider(ProviderFactory.java:85)
	at org.apache.maven.surefire.booter.ForkedBooter.runSuitesInProcess(ForkedBooter.java:115)
	at org.apache.maven.surefire.booter.ForkedBooter.main(ForkedBooter.java:75)

Running com.lam.coder.topCoder.BasesTest
Tests run: 3, Failures: 0, Errors: 0, Skipped: 0, Time elapsed: 0.001 sec
Running com.lam.coder.topCoder.BenfordsLawTest
1, 0.3010299956639812
2, 0.17609125905568124
3, 0.12493873660829993
4, 0.09691001300805642
5, 0.07918124604762482
6, 0.06694678963061322
7, 0.05799194697768673
8, 0.05115252244738129
9, 0.04575749056067514
1, 0.3010299956639812
2, 0.17609125905568124
3, 0.12493873660829993
4, 0.09691001300805642
5, 0.07918124604762482
6, 0.06694678963061322
7, 0.05799194697768673
8, 0.05115252244738129
9, 0.04575749056067514
1, 0.3010299956639812
2, 0.17609125905568124
3, 0.12493873660829993
4, 0.09691001300805642
5, 0.07918124604762482
6, 0.06694678963061322
7, 0.05799194697768673
8, 0.05115252244738129
9, 0.04575749056067514
1, 0.3010299956639812
2, 0.17609125905568124
3, 0.12493873660829993
4, 0.09691001300805642
5, 0.07918124604762482
6, 0.06694678963061322
7, 0.05799194697768673
8, 0.05115252244738129
9, 0.04575749056067514
1, 0.3010299956639812
2, 0.17609125905568124
3, 0.12493873660829993
4, 0.09691001300805642
5, 0.07918124604762482
6, 0.06694678963061322
7, 0.05799194697768673
8, 0.05115252244738129
9, 0.04575749056067514
1, 0.3010299956639812
2, 0.17609125905568124
3, 0.12493873660829993
4, 0.09691001300805642
5, 0.07918124604762482
6, 0.06694678963061322
7, 0.05799194697768673
8, 0.05115252244738129
9, 0.04575749056067514
1, 0.3010299956639812
2, 0.17609125905568124
3, 0.12493873660829993
4, 0.09691001300805642
5, 0.07918124604762482
6, 0.06694678963061322
7, 0.05799194697768673
8, 0.05115252244738129
9, 0.04575749056067514
1, 0.3010299956639812
2, 0.17609125905568124
3, 0.12493873660829993
4, 0.09691001300805642
5, 0.07918124604762482
6, 0.06694678963061322
7, 0.05799194697768673
8, 0.05115252244738129
9, 0.04575749056067514
1, 0.3010299956639812
2, 0.17609125905568124
3, 0.12493873660829993
4, 0.09691001300805642
5, 0.07918124604762482
6, 0.06694678963061322
7, 0.05799194697768673
8, 0.05115252244738129
9, 0.04575749056067514
1, 0.3010299956639812
2, 0.17609125905568124
3, 0.12493873660829993
4, 0.09691001300805642
5, 0.07918124604762482
6, 0.06694678963061322
7, 0.05799194697768673
8, 0.05115252244738129
9, 0.04575749056067514
1, 0.3010299956639812
2, 0.17609125905568124
3, 0.12493873660829993
4, 0.09691001300805642
5, 0.07918124604762482
6, 0.06694678963061322
7, 0.05799194697768673
8, 0.05115252244738129
9, 0.04575749056067514
1, 0.3010299956639812
2, 0.17609125905568124
3, 0.12493873660829993
4, 0.09691001300805642
5, 0.07918124604762482
6, 0.06694678963061322
7, 0.05799194697768673
8, 0.05115252244738129
9, 0.04575749056067514
1, 0.3010299956639812
2, 0.17609125905568124
3, 0.12493873660829993
4, 0.09691001300805642
5, 0.07918124604762482
6, 0.06694678963061322
7, 0.05799194697768673
8, 0.05115252244738129
9, 0.04575749056067514
1, 0.3010299956639812
2, 0.17609125905568124
3, 0.12493873660829993
4, 0.09691001300805642
5, 0.07918124604762482
6, 0.06694678963061322
7, 0.05799194697768673
8, 0.05115252244738129
9, 0.04575749056067514
1, 0.3010299956639812
2, 0.17609125905568124
3, 0.12493873660829993
4, 0.09691001300805642
5, 0.07918124604762482
6, 0.06694678963061322
7, 0.05799194697768673
8, 0.05115252244738129
9, 0.04575749056067514
1, 0.3010299956639812
2, 0.17609125905568124
3, 0.12493873660829993
4, 0.09691001300805642
5, 0.07918124604762482
6, 0.06694678963061322
7, 0.05799194697768673
8, 0.05115252244738129
9, 0.04575749056067514
1, 0.3010299956639812
2, 0.17609125905568124
3, 0.12493873660829993
4, 0.09691001300805642
5, 0.07918124604762482
6, 0.06694678963061322
7, 0.05799194697768673
8, 0.05115252244738129
9, 0.04575749056067514
1, 0.3010299956639812
2, 0.17609125905568124
3, 0.12493873660829993
4, 0.09691001300805642
5, 0.07918124604762482
6, 0.06694678963061322
7, 0.05799194697768673
8, 0.05115252244738129
9, 0.04575749056067514
1, 0.3010299956639812
2, 0.17609125905568124
3, 0.12493873660829993
4, 0.09691001300805642
5, 0.07918124604762482
6, 0.06694678963061322
7, 0.05799194697768673
8, 0.05115252244738129
9, 0.04575749056067514
1, 0.3010299956639812
2, 0.17609125905568124
3, 0.12493873660829993
4, 0.09691001300805642
5, 0.07918124604762482
6, 0.06694678963061322
7, 0.05799194697768673
8, 0.05115252244738129
9, 0.04575749056067514
1, 0.3010299956639812
2, 0.17609125905568124
3, 0.12493873660829993
4, 0.09691001300805642
5, 0.07918124604762482
6, 0.06694678963061322
7, 0.05799194697768673
8, 0.05115252244738129
9, 0.04575749056067514
1, 0.3010299956639812
2, 0.17609125905568124
3, 0.12493873660829993
4, 0.09691001300805642
5, 0.07918124604762482
6, 0.06694678963061322
7, 0.05799194697768673
8, 0.05115252244738129
9, 0.04575749056067514
1, 0.3010299956639812
2, 0.17609125905568124
3, 0.12493873660829993
4, 0.09691001300805642
5, 0.07918124604762482
6, 0.06694678963061322
7, 0.05799194697768673
8, 0.05115252244738129
9, 0.04575749056067514
1, 0.3010299956639812
2, 0.17609125905568124
3, 0.12493873660829993
4, 0.09691001300805642
5, 0.07918124604762482
6, 0.06694678963061322
7, 0.05799194697768673
8, 0.05115252244738129
9, 0.04575749056067514
1, 0.3010299956639812
2, 0.17609125905568124
3, 0.12493873660829993
4, 0.09691001300805642
5, 0.07918124604762482
6, 0.06694678963061322
7, 0.05799194697768673
8, 0.05115252244738129
9, 0.04575749056067514
1, 0.3010299956639812
2, 0.17609125905568124
3, 0.12493873660829993
4, 0.09691001300805642
5, 0.07918124604762482
6, 0.06694678963061322
7, 0.05799194697768673
8, 0.05115252244738129
9, 0.04575749056067514
1, 0.3010299956639812
2, 0.17609125905568124
3, 0.12493873660829993
4, 0.09691001300805642
5, 0.07918124604762482
6, 0.06694678963061322
7, 0.05799194697768673
8, 0.05115252244738129
9, 0.04575749056067514
1, 0.3010299956639812
2, 0.17609125905568124
3, 0.12493873660829993
4, 0.09691001300805642
5, 0.07918124604762482
6, 0.06694678963061322
7, 0.05799194697768673
8, 0.05115252244738129
9, 0.04575749056067514
1, 0.3010299956639812
2, 0.17609125905568124
3, 0.12493873660829993
4, 0.09691001300805642
5, 0.07918124604762482
6, 0.06694678963061322
7, 0.05799194697768673
8, 0.05115252244738129
9, 0.04575749056067514
1, 0.3010299956639812
2, 0.17609125905568124
3, 0.12493873660829993
4, 0.09691001300805642
5, 0.07918124604762482
6, 0.06694678963061322
7, 0.05799194697768673
8, 0.05115252244738129
9, 0.04575749056067514
1, 0.3010299956639812
2, 0.17609125905568124
3, 0.12493873660829993
4, 0.09691001300805642
5, 0.07918124604762482
6, 0.06694678963061322
7, 0.05799194697768673
8, 0.05115252244738129
9, 0.04575749056067514
1, 0.3010299956639812
2, 0.17609125905568124
3, 0.12493873660829993
4, 0.09691001300805642
5, 0.07918124604762482
6, 0.06694678963061322
7, 0.05799194697768673
8, 0.05115252244738129
9, 0.04575749056067514
1, 0.3010299956639812
2, 0.17609125905568124
3, 0.12493873660829993
4, 0.09691001300805642
5, 0.07918124604762482
6, 0.06694678963061322
7, 0.05799194697768673
8, 0.05115252244738129
9, 0.04575749056067514
1, 0.3010299956639812
2, 0.17609125905568124
3, 0.12493873660829993
4, 0.09691001300805642
5, 0.07918124604762482
6, 0.06694678963061322
7, 0.05799194697768673
8, 0.05115252244738129
9, 0.04575749056067514
1, 0.3010299956639812
2, 0.17609125905568124
3, 0.12493873660829993
4, 0.09691001300805642
5, 0.07918124604762482
6, 0.06694678963061322
7, 0.05799194697768673
8, 0.05115252244738129
9, 0.04575749056067514
1, 0.3010299956639812
2, 0.17609125905568124
3, 0.12493873660829993
4, 0.09691001300805642
5, 0.07918124604762482
6, 0.06694678963061322
7, 0.05799194697768673
8, 0.05115252244738129
9, 0.04575749056067514
1, 0.3010299956639812
2, 0.17609125905568124
3, 0.12493873660829993
4, 0.09691001300805642
5, 0.07918124604762482
6, 0.06694678963061322
7, 0.05799194697768673
8, 0.05115252244738129
9, 0.04575749056067514
Tests run: 2, Failures: 0, Errors: 0, Skipped: 0, Time elapsed: 0.033 sec
Running com.lam.coder.topCoder.BettingMoneyTest
Tests run: 2, Failures: 0, Errors: 0, Skipped: 0, Time elapsed: 0.019 sec
Running com.lam.coder.topCoder.BigBurgerTest
Tests run: 1, Failures: 0, Errors: 0, Skipped: 0, Time elapsed: 0 sec
Running com.lam.coder.topCoder.BillboardTest
Tests run: 1, Failures: 0, Errors: 0, Skipped: 0, Time elapsed: 0.001 sec
Running com.lam.coder.topCoder.BinaryCodeTest
Tests run: 1, Failures: 0, Errors: 0, Skipped: 0, Time elapsed: 0 sec
Running com.lam.coder.topCoder.BinPackingEasyTest
Tests run: 1, Failures: 0, Errors: 0, Skipped: 0, Time elapsed: 0.001 sec
Running com.lam.coder.topCoder.BirthdayOddsTest
Tests run: 2, Failures: 0, Errors: 0, Skipped: 0, Time elapsed: 0.001 sec
Running com.lam.coder.topCoder.BirthdayTest
Tests run: 2, Failures: 0, Errors: 0, Skipped: 0, Time elapsed: 0.026 sec
Running com.lam.coder.topCoder.BirthNumbersValidatorTest
Tests run: 2, Failures: 0, Errors: 0, Skipped: 0, Time elapsed: 0.051 sec
Running com.lam.coder.topCoder.BishopMoveTest
Tests run: 2, Failures: 0, Errors: 0, Skipped: 0, Time elapsed: 0 sec
Running com.lam.coder.topCoder.BitsTest
Tests run: 2, Failures: 0, Errors: 0, Skipped: 0, Time elapsed: 0 sec
Running com.lam.coder.topCoder.BlackAndRedTest
Tests run: 2, Failures: 0, Errors: 0, Skipped: 0, Time elapsed: 0.001 sec
Running com.lam.coder.topCoder.BlackAndWhiteSolitaireTest
Tests run: 2, Failures: 0, Errors: 0, Skipped: 0, Time elapsed: 0.001 sec
Running com.lam.coder.topCoder.BloggoHyphenateTest
Tests run: 2, Failures: 0, Errors: 0, Skipped: 0, Time elapsed: 4.598 sec
Running com.lam.coder.topCoder.BloggoShortcutsTest
Tests run: 2, Failures: 0, Errors: 0, Skipped: 0, Time elapsed: 0.023 sec
Running com.lam.coder.topCoder.BonusesTest
Tests run: 1, Failures: 0, Errors: 0, Skipped: 0, Time elapsed: 0.01 sec
Running com.lam.coder.topCoder.BritishCoinsTest
Tests run: 2, Failures: 0, Errors: 0, Skipped: 0, Time elapsed: 0.014 sec
Running com.lam.coder.topCoder.CalendarRecycleTest
Tests run: 1, Failures: 0, Errors: 0, Skipped: 1, Time elapsed: 0 sec
Running com.lam.coder.topCoder.CandidatesSelectionEasyTest
Tests run: 2, Failures: 0, Errors: 0, Skipped: 0, Time elapsed: 0.049 sec
Running com.lam.coder.topCoder.CarBuyerTest
Tests run: 3, Failures: 0, Errors: 0, Skipped: 0, Time elapsed: 0.037 sec
Running com.lam.coder.topCoder.CCipherTest
Tests run: 2, Failures: 0, Errors: 0, Skipped: 0, Time elapsed: 0.006 sec
Running com.lam.coder.topCoder.CeyKapsTest
Tests run: 2, Failures: 0, Errors: 0, Skipped: 0, Time elapsed: 0.001 sec
Running com.lam.coder.topCoder.CheatCodeTest
Tests run: 1, Failures: 0, Errors: 0, Skipped: 1, Time elapsed: 0.001 sec
Running com.lam.coder.topCoder.ChessboardPatternTest
Tests run: 2, Failures: 0, Errors: 0, Skipped: 0, Time elapsed: 0.001 sec
Running com.lam.coder.topCoder.ChivalryTest
Tests run: 2, Failures: 0, Errors: 0, Skipped: 0, Time elapsed: 0.001 sec
Running com.lam.coder.topCoder.CircleGameTest
Tests run: 2, Failures: 0, Errors: 0, Skipped: 0, Time elapsed: 0.012 sec
Running com.lam.coder.topCoder.ClockWalkTest
Tests run: 2, Failures: 0, Errors: 0, Skipped: 0, Time elapsed: 0.003 sec
Running com.lam.coder.topCoder.CodeRedTest
Tests run: 2, Failures: 0, Errors: 0, Skipped: 0, Time elapsed: 0.009 sec
Running com.lam.coder.topCoder.ColorfulBricksTest
Tests run: 3, Failures: 0, Errors: 0, Skipped: 0, Time elapsed: 0.076 sec
Running com.lam.coder.topCoder.CombinerTest
Tests run: 2, Failures: 0, Errors: 0, Skipped: 0, Time elapsed: 0 sec
Running com.lam.coder.topCoder.CommonCharTest
Tests run: 2, Failures: 0, Errors: 0, Skipped: 0, Time elapsed: 0.001 sec
Running com.lam.coder.topCoder.ContestCoordinatorTest
Tests run: 9, Failures: 1, Errors: 0, Skipped: 0, Time elapsed: 0.049 sec <<< FAILURE!
testCase8(com.lam.coder.topCoder.ContestCoordinatorTest)  Time elapsed: 0.006 sec  <<< FAILURE!
java.lang.AssertionError: expected:<5.8125> but was:<5.75>
	at org.junit.Assert.fail(Assert.java:88)
	at org.junit.Assert.failNotEquals(Assert.java:743)
	at org.junit.Assert.assertEquals(Assert.java:494)
	at org.junit.Assert.assertEquals(Assert.java:592)
	at com.lam.coder.topCoder.ContestCoordinatorTest.assertEquals(ContestCoordinatorTest.java:24)
	at com.lam.coder.topCoder.ContestCoordinatorTest.testCase8(ContestCoordinatorTest.java:48)
	at sun.reflect.NativeMethodAccessorImpl.invoke0(Native Method)
	at sun.reflect.NativeMethodAccessorImpl.invoke(NativeMethodAccessorImpl.java:57)
	at sun.reflect.DelegatingMethodAccessorImpl.invoke(DelegatingMethodAccessorImpl.java:43)
	at java.lang.reflect.Method.invoke(Method.java:606)
	at org.junit.runners.model.FrameworkMethod$1.runReflectiveCall(FrameworkMethod.java:47)
	at org.junit.internal.runners.model.ReflectiveCallable.run(ReflectiveCallable.java:12)
	at org.junit.runners.model.FrameworkMethod.invokeExplosively(FrameworkMethod.java:44)
	at org.junit.internal.runners.statements.InvokeMethod.evaluate(InvokeMethod.java:17)
	at org.junit.internal.runners.statements.RunBefores.evaluate(RunBefores.java:26)
	at org.junit.runners.ParentRunner.runLeaf(ParentRunner.java:271)
	at org.junit.runners.BlockJUnit4ClassRunner.runChild(BlockJUnit4ClassRunner.java:70)
	at org.junit.runners.BlockJUnit4ClassRunner.runChild(BlockJUnit4ClassRunner.java:50)
	at org.junit.runners.ParentRunner$3.run(ParentRunner.java:238)
	at org.junit.runners.ParentRunner$1.schedule(ParentRunner.java:63)
	at org.junit.runners.ParentRunner.runChildren(ParentRunner.java:236)
	at org.junit.runners.ParentRunner.access$000(ParentRunner.java:53)
	at org.junit.runners.ParentRunner$2.evaluate(ParentRunner.java:229)
	at org.junit.runners.ParentRunner.run(ParentRunner.java:309)
	at org.apache.maven.surefire.junit4.JUnit4Provider.execute(JUnit4Provider.java:252)
	at org.apache.maven.surefire.junit4.JUnit4Provider.executeTestSet(JUnit4Provider.java:141)
	at org.apache.maven.surefire.junit4.JUnit4Provider.invoke(JUnit4Provider.java:112)
	at sun.reflect.NativeMethodAccessorImpl.invoke0(Native Method)
	at sun.reflect.NativeMethodAccessorImpl.invoke(NativeMethodAccessorImpl.java:57)
	at sun.reflect.DelegatingMethodAccessorImpl.invoke(DelegatingMethodAccessorImpl.java:43)
	at java.lang.reflect.Method.invoke(Method.java:606)
	at org.apache.maven.surefire.util.ReflectionUtils.invokeMethodWithArray(ReflectionUtils.java:189)
	at org.apache.maven.surefire.booter.ProviderFactory$ProviderProxy.invoke(ProviderFactory.java:165)
	at org.apache.maven.surefire.booter.ProviderFactory.invokeProvider(ProviderFactory.java:85)
	at org.apache.maven.surefire.booter.ForkedBooter.runSuitesInProcess(ForkedBooter.java:115)
	at org.apache.maven.surefire.booter.ForkedBooter.main(ForkedBooter.java:75)

Running com.lam.coder.topCoder.CostOfDancingTest
Tests run: 3, Failures: 0, Errors: 0, Skipped: 0, Time elapsed: 0.011 sec
Running com.lam.coder.topCoder.DayAgeTest
Tests run: 2, Failures: 0, Errors: 0, Skipped: 0, Time elapsed: 0.004 sec
Running com.lam.coder.topCoder.DiceCheckerTest
Tests run: 1, Failures: 0, Errors: 0, Skipped: 0, Time elapsed: 0 sec
Running com.lam.coder.topCoder.DiceTest
Tests run: 2, Failures: 0, Errors: 0, Skipped: 0, Time elapsed: 0.001 sec
Running com.lam.coder.topCoder.DinkyFishTest
Tests run: 2, Failures: 0, Errors: 0, Skipped: 0, Time elapsed: 0.001 sec
Running com.lam.coder.topCoder.DitherCounterTest
Tests run: 1, Failures: 0, Errors: 0, Skipped: 0, Time elapsed: 0.061 sec
Running com.lam.coder.topCoder.DivisorDigitsTest
Tests run: 2, Failures: 0, Errors: 0, Skipped: 0, Time elapsed: 0.001 sec
Running com.lam.coder.topCoder.DNATest
Tests run: 2, Failures: 0, Errors: 0, Skipped: 0, Time elapsed: 0.001 sec
Running com.lam.coder.topCoder.DoorsGameTest
Tests run: 1, Failures: 0, Errors: 0, Skipped: 1, Time elapsed: 0.001 sec
Running com.lam.coder.topCoder.DoubleLetterTest
Tests run: 2, Failures: 0, Errors: 0, Skipped: 0, Time elapsed: 0.001 sec
Running com.lam.coder.topCoder.dp.SimpleDPTest
Tests run: 1, Failures: 0, Errors: 0, Skipped: 1, Time elapsed: 0 sec
Running com.lam.coder.topCoder.DrivingDirectionsTest
Tests run: 2, Failures: 0, Errors: 0, Skipped: 0, Time elapsed: 0.027 sec
Running com.lam.coder.topCoder.EelAndRabbitTest
Tests run: 1, Failures: 0, Errors: 0, Skipped: 1, Time elapsed: 0.001 sec
Running com.lam.coder.topCoder.EllysDirectoryListingTest
Tests run: 2, Failures: 0, Errors: 0, Skipped: 0, Time elapsed: 0.039 sec
Running com.lam.coder.topCoder.EllysSortingTrimmerTest
Tests run: 2, Failures: 0, Errors: 0, Skipped: 0, Time elapsed: 0.059 sec
Running com.lam.coder.topCoder.EndOfContestTest
Tests run: 1, Failures: 0, Errors: 0, Skipped: 0, Time elapsed: 0.008 sec
Running com.lam.coder.topCoder.ErasingCharactersTest
Tests run: 2, Failures: 0, Errors: 0, Skipped: 0, Time elapsed: 0 sec
Running com.lam.coder.topCoder.ExerciseMachineTest
Tests run: 2, Failures: 0, Errors: 0, Skipped: 0, Time elapsed: 0.001 sec
Running com.lam.coder.topCoder.FinancesTest
Tests run: 1, Failures: 0, Errors: 0, Skipped: 0, Time elapsed: 0.001 sec
Running com.lam.coder.topCoder.FixedDiceGameDiv2Test
Tests run: 2, Failures: 0, Errors: 0, Skipped: 0, Time elapsed: 0.158 sec
Running com.lam.coder.topCoder.FizzBuzzTurboTest
Desea terminar el trabajo por lotes (S/N)? 
